<?xml version="1.0" encoding="UTF-8"?>
<!-- Generated by org.testng.reporters.JUnitXMLReporter -->
<testsuite hostname="DESKTOP-0KBR3DP" ignored="0" name="Default test" tests="8" failures="0" timestamp="2021-07-21T17:11:37 IST" time="510.795" errors="0">
  <testcase name="testAutomationSetUpForCasa39English" time="16.188" classname="tests.demo.TestDemo"/>
  <testcase name="testEmailSubscription" time="43.177" classname="tests.home.TestHomePage"/>
  <testcase name="testHomePageInformationLinks" time="107.042" classname="tests.home.TestHomePage"/>
  <testcase name="testSearchProductsFromHomePage" time="34.843" classname="tests.home.TestHomePage"/>
  <testcase name="testSelectProductCategory" time="112.461" classname="tests.home.TestHomePage"/>
  <testcase name="testSelectProductSubCategory" time="96.193" classname="tests.home.TestHomePage"/>
  <testcase name="testSignInAuthenticatedUser" time="42.081" classname="tests.home.TestHomePage"/>
  <testcase name="testUserSelectLanguageCountryAndCurrency" time="58.723" classname="tests.home.TestHomePage"/>
</testsuite> <!-- Default test -->
