<?xml version="1.0" encoding="UTF-8"?>
<testng-results skipped="0" failed="0" ignored="0" total="1" passed="1">
  <reporter-output>
    <line>
      <![CDATA[STEP - Launch Browser Successfully...]]>
    </line>
    <line>
      <![CDATA[STEP - Navigate to Casa39 English Website Home Page.]]>
    </line>
    <line>
      <![CDATA[STEP - Accepting Cookies...]]>
    </line>
    <line>
      <![CDATA[STEP - Search for a Available Product as Marazzi Evolutionmarble Calacatta 60x60 cm MHV2]]>
    </line>
    <line>
      <![CDATA[Selecting product from suggested item list...]]>
    </line>
    <line>
      <![CDATA[Click - Marazzi Evolutionmarble Calacatta 60x60 cm MHV2]]>
    </line>
    <line>
      <![CDATA[Verified - Marazzi Evolutionmarble Calacatta 60x60 cm MHV2 as Searched Product is Correctly Displayed]]>
    </line>
    <line>
      <![CDATA[STEP - Select Quantity and add to cart]]>
    </line>
    <line>
      <![CDATA[Set - 30]]>
    </line>
    <line>
      <![CDATA[Click - Add to Cart]]>
    </line>
    <line>
      <![CDATA[Verified - Marazzi Evolutionmarble Calacatta 60x60 cm MHV2]]>
    </line>
    <line>
      <![CDATA[Verified - has been added to your cart]]>
    </line>
    <line>
      <![CDATA[Click - Continue]]>
    </line>
    <line>
      <![CDATA[STEP - Validate Non-Empty Cart and Close]]>
    </line>
    <line>
      <![CDATA[Click - My Cart
€687.85]]>
    </line>
    <line>
      <![CDATA[Verified - Item Prices are Correct]]>
    </line>
    <line>
      <![CDATA[Verified - Total Items are Correct]]>
    </line>
    <line>
      <![CDATA[STEP - View Shopping Cart]]>
    </line>
    <line>
      <![CDATA[Click - View and edit cart]]>
    </line>
    <line>
      <![CDATA[Verified - Page Title is Displayed]]>
    </line>
    <line>
      <![CDATA[Validating '€687.85' from Summary...]]>
    </line>
    <line>
      <![CDATA[Verified - Sub Total is Correct]]>
    </line>
    <line>
      <![CDATA[Validating '€50.00' from Summary...]]>
    </line>
    <line>
      <![CDATA[Verified - Shipping Price is Correct]]>
    </line>
    <line>
      <![CDATA[Validating '€160.33' from Summary...]]>
    </line>
    <line>
      <![CDATA[Verified - Tax Amount is Correct]]>
    </line>
    <line>
      <![CDATA[Validating '€889.16' from Summary...]]>
    </line>
    <line>
      <![CDATA[Verified - Order Total is Correct]]>
    </line>
    <line>
      <![CDATA[STEP - Proceed To Checkout]]>
    </line>
    <line>
      <![CDATA[Click - Proceed to Checkout]]>
    </line>
    <line>
      <![CDATA[Verified - Marazzi Evolutionmarble Calacatta 60x60 cm MHV2 is Displayed]]>
    </line>
    <line>
      <![CDATA[STEP - Closing Browser Successfully...]]>
    </line>
  </reporter-output>
  <suite name="Default suite" duration-ms="57528" started-at="2021-07-26T16:26:54 IST" finished-at="2021-07-26T16:27:52 IST">
    <groups>
    </groups>
    <test name="Default test" duration-ms="57528" started-at="2021-07-26T16:26:54 IST" finished-at="2021-07-26T16:27:52 IST">
      <class name="tests.home.MyTestHomePage">
        <test-method status="PASS" signature="testSecureCheckOutForProducts()[pri:0, instance:tests.home.MyTestHomePage@307f6b8c]" name="testSecureCheckOutForProducts" duration-ms="57449" started-at="2021-07-26T16:26:54 IST" finished-at="2021-07-26T16:27:52 IST">
          <reporter-output>
            <line>
              <![CDATA[STEP - Launch Browser Successfully...]]>
            </line>
            <line>
              <![CDATA[STEP - Navigate to Casa39 English Website Home Page.]]>
            </line>
            <line>
              <![CDATA[STEP - Accepting Cookies...]]>
            </line>
            <line>
              <![CDATA[STEP - Search for a Available Product as Marazzi Evolutionmarble Calacatta 60x60 cm MHV2]]>
            </line>
            <line>
              <![CDATA[Selecting product from suggested item list...]]>
            </line>
            <line>
              <![CDATA[Click - Marazzi Evolutionmarble Calacatta 60x60 cm MHV2]]>
            </line>
            <line>
              <![CDATA[Verified - Marazzi Evolutionmarble Calacatta 60x60 cm MHV2 as Searched Product is Correctly Displayed]]>
            </line>
            <line>
              <![CDATA[STEP - Select Quantity and add to cart]]>
            </line>
            <line>
              <![CDATA[Set - 30]]>
            </line>
            <line>
              <![CDATA[Click - Add to Cart]]>
            </line>
            <line>
              <![CDATA[Verified - Marazzi Evolutionmarble Calacatta 60x60 cm MHV2]]>
            </line>
            <line>
              <![CDATA[Verified - has been added to your cart]]>
            </line>
            <line>
              <![CDATA[Click - Continue]]>
            </line>
            <line>
              <![CDATA[STEP - Validate Non-Empty Cart and Close]]>
            </line>
            <line>
              <![CDATA[Click - My Cart
€687.85]]>
            </line>
            <line>
              <![CDATA[Verified - Item Prices are Correct]]>
            </line>
            <line>
              <![CDATA[Verified - Total Items are Correct]]>
            </line>
            <line>
              <![CDATA[STEP - View Shopping Cart]]>
            </line>
            <line>
              <![CDATA[Click - View and edit cart]]>
            </line>
            <line>
              <![CDATA[Verified - Page Title is Displayed]]>
            </line>
            <line>
              <![CDATA[Validating '€687.85' from Summary...]]>
            </line>
            <line>
              <![CDATA[Verified - Sub Total is Correct]]>
            </line>
            <line>
              <![CDATA[Validating '€50.00' from Summary...]]>
            </line>
            <line>
              <![CDATA[Verified - Shipping Price is Correct]]>
            </line>
            <line>
              <![CDATA[Validating '€160.33' from Summary...]]>
            </line>
            <line>
              <![CDATA[Verified - Tax Amount is Correct]]>
            </line>
            <line>
              <![CDATA[Validating '€889.16' from Summary...]]>
            </line>
            <line>
              <![CDATA[Verified - Order Total is Correct]]>
            </line>
            <line>
              <![CDATA[STEP - Proceed To Checkout]]>
            </line>
            <line>
              <![CDATA[Click - Proceed to Checkout]]>
            </line>
            <line>
              <![CDATA[Verified - Marazzi Evolutionmarble Calacatta 60x60 cm MHV2 is Displayed]]>
            </line>
            <line>
              <![CDATA[STEP - Closing Browser Successfully...]]>
            </line>
          </reporter-output>
        </test-method> <!-- testSecureCheckOutForProducts -->
      </class> <!-- tests.home.MyTestHomePage -->
    </test> <!-- Default test -->
  </suite> <!-- Default suite -->
</testng-results>
