<?xml version="1.0" encoding="UTF-8"?>
<!-- Generated by org.testng.reporters.JUnitXMLReporter -->
<testsuite hostname="DESKTOP-0KBR3DP" ignored="7" name="Tests(failed)" tests="3" failures="0" timestamp="2021-08-19T12:17:10 IST" time="118.62" errors="0">
  <testcase name="testSecureCheckOutForProducts" time="47.378" classname="tests.shopping.TestShoppingCart"/>
  <testcase name="testAddConfigurableProductsToQuotes" time="42.548" classname="tests.shopping.TestProductDetails"/>
  <testcase name="testAddProductToCart" time="28.632" classname="tests.shopping.TestProductDetails"/>
  <testcase name="testAddProductReviewByUser" time="0.0" classname="tests.shopping.TestProductDetails">
    <ignored/>
  </testcase> <!-- testAddProductReviewByUser -->
  <testcase name="testMinicartQuotesModalFromHomePage" time="0.0" classname="tests.shopping.TestShoppingCart">
    <ignored/>
  </testcase> <!-- testMinicartQuotesModalFromHomePage -->
  <testcase name="testApplyForDiscountOnShoppingCartPage" time="0.0" classname="tests.shopping.TestShoppingCart">
    <ignored/>
  </testcase> <!-- testApplyForDiscountOnShoppingCartPage -->
  <testcase name="testProductAddToQuote" time="0.0" classname="tests.shopping.TestProductDetails">
    <ignored/>
  </testcase> <!-- testProductAddToQuote -->
  <testcase name="testProductSpecifications" time="0.0" classname="tests.shopping.TestProductDetails">
    <ignored/>
  </testcase> <!-- testProductSpecifications -->
  <testcase name="testAskForDiscount" time="0.0" classname="tests.shopping.TestProductDetails">
    <ignored/>
  </testcase> <!-- testAskForDiscount -->
  <testcase name="testAddGroupProductsToCart" time="0.0" classname="tests.shopping.TestShoppingCart">
    <ignored/>
  </testcase> <!-- testAddGroupProductsToCart -->
</testsuite> <!-- Tests(failed) -->
