<?xml version="1.0" encoding="UTF-8"?>
<!-- Generated by org.testng.reporters.JUnitXMLReporter -->
<testsuite hostname="DESKTOP-0KBR3DP" ignored="0" name="Tests" tests="31" failures="3" timestamp="2021-08-03T13:05:13 IST" time="2602.316" errors="0">
  <testcase name="testAllFooterInformationLinks" time="44.491" classname="tests.shopping.TestHomePage"/>
  <testcase name="testAllOurServicesSection" time="99.258" classname="tests.shopping.TestHomePage"/>
  <testcase name="testAllPlatformAvailabilityLinks" time="29.754" classname="tests.shopping.TestHomePage"/>
  <testcase name="testAllProductSubCategoryLinks" time="487.863" classname="tests.shopping.TestHomePage"/>
  <testcase name="testAllSocialMediaPlatformAvailabilityLinks" time="30.593" classname="tests.shopping.TestHomePage"/>
  <testcase name="testBuyersProtectionInformationBadge" time="20.257" classname="tests.shopping.TestHomePage"/>
  <testcase name="testEmailSubscription" time="51.455" classname="tests.shopping.TestHomePage"/>
  <testcase name="testHomePageInformationLinks" time="125.394" classname="tests.shopping.TestHomePage"/>
  <testcase name="testOffersForYouSectionLinks" time="43.215" classname="tests.shopping.TestHomePage"/>
  <testcase name="testRegisterNewUserByUniqueEmailId" time="46.889" classname="tests.shopping.TestHomePage"/>
  <testcase name="testSearchProductsFromHomePage" time="49.697" classname="tests.shopping.TestHomePage"/>
  <testcase name="testSelectProductCategory" time="147.156" classname="tests.shopping.TestHomePage"/>
  <testcase name="testSelectProductSubCategory" time="103.28" classname="tests.shopping.TestHomePage"/>
  <testcase name="testSignInAuthenticatedUser" time="54.761" classname="tests.shopping.TestHomePage"/>
  <testcase name="testUserSelectLanguageCountryAndCurrency" time="65.845" classname="tests.shopping.TestHomePage">
    <failure type="org.openqa.selenium.NoSuchElementException" message="no such element: Unable to locate element: {&amp;quot;method&amp;quot;:&amp;quot;css selector&amp;quot;,&amp;quot;selector&amp;quot;:&amp;quot;#switcher\-country\-trigger&amp;quot;}
  (Session info: headless chrome=92.0.4515.107)
For documentation on this error, please visit: https://www.seleniumhq.org/exceptions/no_such_element.html
Build info: version: &amp;apos;3.141.59&amp;apos;, revision: &amp;apos;e82be7d358&amp;apos;, time: &amp;apos;2018-11-14T08:17:03&amp;apos;
System info: host: &amp;apos;DESKTOP-0KBR3DP&amp;apos;, ip: &amp;apos;192.168.1.101&amp;apos;, os.name: &amp;apos;Windows 10&amp;apos;, os.arch: &amp;apos;amd64&amp;apos;, os.version: &amp;apos;10.0&amp;apos;, java.version: &amp;apos;1.8.0_251&amp;apos;
Driver info: org.openqa.selenium.chrome.ChromeDriver
Capabilities {acceptInsecureCerts: false, browserName: chrome, browserVersion: 92.0.4515.107, chrome: {chromedriverVersion: 91.0.4472.101 (af52a90bf870..., userDataDir: C:\Users\Lenovo\AppData\Loc...}, goog:chromeOptions: {debuggerAddress: localhost:62796}, javascriptEnabled: true, networkConnectionEnabled: false, pageLoadStrategy: normal, platform: WINDOWS, platformName: WINDOWS, proxy: Proxy(), setWindowRect: true, strictFileInteractability: false, timeouts: {implicit: 0, pageLoad: 300000, script: 30000}, unhandledPromptBehavior: dismiss and notify, webauthn:extension:largeBlob: true, webauthn:virtualAuthenticators: true}
Session ID: 3864043c8e88e494fc20f6f875a766eb
*** Element info: {Using=id, value=switcher-country-trigger}">
      <![CDATA[org.openqa.selenium.NoSuchElementException: no such element: Unable to locate element: {"method":"css selector","selector":"#switcher\-country\-trigger"}
  (Session info: headless chrome=92.0.4515.107)
For documentation on this error, please visit: https://www.seleniumhq.org/exceptions/no_such_element.html
Build info: version: '3.141.59', revision: 'e82be7d358', time: '2018-11-14T08:17:03'
System info: host: 'DESKTOP-0KBR3DP', ip: '192.168.1.101', os.name: 'Windows 10', os.arch: 'amd64', os.version: '10.0', java.version: '1.8.0_251'
Driver info: org.openqa.selenium.chrome.ChromeDriver
Capabilities {acceptInsecureCerts: false, browserName: chrome, browserVersion: 92.0.4515.107, chrome: {chromedriverVersion: 91.0.4472.101 (af52a90bf870..., userDataDir: C:\Users\Lenovo\AppData\Loc...}, goog:chromeOptions: {debuggerAddress: localhost:62796}, javascriptEnabled: true, networkConnectionEnabled: false, pageLoadStrategy: normal, platform: WINDOWS, platformName: WINDOWS, proxy: Proxy(), setWindowRect: true, strictFileInteractability: false, timeouts: {implicit: 0, pageLoad: 300000, script: 30000}, unhandledPromptBehavior: dismiss and notify, webauthn:extension:largeBlob: true, webauthn:virtualAuthenticators: true}
Session ID: 3864043c8e88e494fc20f6f875a766eb
*** Element info: {Using=id, value=switcher-country-trigger}
at org.openqa.selenium.remote.http.W3CHttpResponseCodec.createException(W3CHttpResponseCodec.java:187)
at org.openqa.selenium.remote.http.W3CHttpResponseCodec.decode(W3CHttpResponseCodec.java:122)
at org.openqa.selenium.remote.http.W3CHttpResponseCodec.decode(W3CHttpResponseCodec.java:49)
at org.openqa.selenium.remote.HttpCommandExecutor.execute(HttpCommandExecutor.java:158)
at org.openqa.selenium.remote.service.DriverCommandExecutor.execute(DriverCommandExecutor.java:83)
at org.openqa.selenium.remote.RemoteWebDriver.execute(RemoteWebDriver.java:552)
at org.openqa.selenium.remote.RemoteWebDriver.findElement(RemoteWebDriver.java:323)
at org.openqa.selenium.remote.RemoteWebDriver.findElementById(RemoteWebDriver.java:372)
at org.openqa.selenium.By$ById.findElement(By.java:188)
at org.openqa.selenium.remote.RemoteWebDriver.findElement(RemoteWebDriver.java:315)
at org.openqa.selenium.support.pagefactory.DefaultElementLocator.findElement(DefaultElementLocator.java:69)
at org.openqa.selenium.support.pagefactory.internal.LocatingElementHandler.invoke(LocatingElementHandler.java:38)
at com.sun.proxy.$Proxy8.getText(Unknown Source)
at framework.BaseFragment.click(BaseFragment.java:55)
at pages.home.HomePage.selectCountryAs(HomePage.java:193)
at tests.shopping.TestHomePage.testUserSelectLanguageCountryAndCurrency(TestHomePage.java:272)
at java.util.ArrayList.forEach(Unknown Source)
... Removed 31 stack frames]]>
    </failure>
  </testcase> <!-- testUserSelectLanguageCountryAndCurrency -->
  <testcase name="testWhyChooseUsSection" time="46.984" classname="tests.shopping.TestHomePage"/>
  <testcase name="testAddConfigurableProductsToQuotes" time="43.218" classname="tests.shopping.TestProductDetails"/>
  <testcase name="testAddProductReviewByUser" time="48.251" classname="tests.shopping.TestProductDetails"/>
  <testcase name="testAddProductToCart" time="39.957" classname="tests.shopping.TestProductDetails"/>
  <testcase name="testAskForDiscount" time="37.574" classname="tests.shopping.TestProductDetails"/>
  <testcase name="testProductAddToQuote" time="54.016" classname="tests.shopping.TestProductDetails">
    <failure type="java.lang.AssertionError" message="expected [true] but found [false]">
      <![CDATA[java.lang.AssertionError: expected [true] but found [false]
at utils.AssertUtil.assertTrue(AssertUtil.java:10)
at tests.shopping.TestProductDetails.testProductAddToQuote(TestProductDetails.java:151)
at java.util.ArrayList.forEach(Unknown Source)
... Removed 30 stack frames]]>
    </failure>
  </testcase> <!-- testProductAddToQuote -->
  <testcase name="testProductSpecifications" time="44.807" classname="tests.shopping.TestProductDetails"/>
  <testcase name="testAddProductToCartFromProductListPage" time="40.468" classname="tests.shopping.TestProductListPage"/>
  <testcase name="testAddProductToQuoteFromProductListPage" time="38.871" classname="tests.shopping.TestProductListPage"/>
  <testcase name="testApplySortingOptionsFiltersAndPriceRange" time="45.059" classname="tests.shopping.TestProductListPage"/>
  <testcase name="testAddGroupProductsToCart" time="43.746" classname="tests.shopping.TestShoppingCart"/>
  <testcase name="testApplyForDiscountOnShoppingCartPage" time="52.919" classname="tests.shopping.TestShoppingCart"/>
  <testcase name="testMinicartQuotesModalFromHomePage" time="59.613" classname="tests.shopping.TestShoppingCart">
    <failure type="org.openqa.selenium.NoSuchElementException" message="no such element: Unable to locate element: {&amp;quot;method&amp;quot;:&amp;quot;css selector&amp;quot;,&amp;quot;selector&amp;quot;:&amp;quot;.page-title&amp;quot;}
  (Session info: headless chrome=92.0.4515.107)
For documentation on this error, please visit: https://www.seleniumhq.org/exceptions/no_such_element.html
Build info: version: &amp;apos;3.141.59&amp;apos;, revision: &amp;apos;e82be7d358&amp;apos;, time: &amp;apos;2018-11-14T08:17:03&amp;apos;
System info: host: &amp;apos;DESKTOP-0KBR3DP&amp;apos;, ip: &amp;apos;192.168.1.101&amp;apos;, os.name: &amp;apos;Windows 10&amp;apos;, os.arch: &amp;apos;amd64&amp;apos;, os.version: &amp;apos;10.0&amp;apos;, java.version: &amp;apos;1.8.0_251&amp;apos;
Driver info: org.openqa.selenium.chrome.ChromeDriver
Capabilities {acceptInsecureCerts: false, browserName: chrome, browserVersion: 92.0.4515.107, chrome: {chromedriverVersion: 91.0.4472.101 (af52a90bf870..., userDataDir: C:\Users\Lenovo\AppData\Loc...}, goog:chromeOptions: {debuggerAddress: localhost:53323}, javascriptEnabled: true, networkConnectionEnabled: false, pageLoadStrategy: normal, platform: WINDOWS, platformName: WINDOWS, proxy: Proxy(), setWindowRect: true, strictFileInteractability: false, timeouts: {implicit: 0, pageLoad: 300000, script: 30000}, unhandledPromptBehavior: dismiss and notify, webauthn:extension:largeBlob: true, webauthn:virtualAuthenticators: true}
Session ID: e9706b4b02d922010977eccaeb4734f3
*** Element info: {Using=css selector, value=.page-title}">
      <![CDATA[org.openqa.selenium.NoSuchElementException: no such element: Unable to locate element: {"method":"css selector","selector":".page-title"}
  (Session info: headless chrome=92.0.4515.107)
For documentation on this error, please visit: https://www.seleniumhq.org/exceptions/no_such_element.html
Build info: version: '3.141.59', revision: 'e82be7d358', time: '2018-11-14T08:17:03'
System info: host: 'DESKTOP-0KBR3DP', ip: '192.168.1.101', os.name: 'Windows 10', os.arch: 'amd64', os.version: '10.0', java.version: '1.8.0_251'
Driver info: org.openqa.selenium.chrome.ChromeDriver
Capabilities {acceptInsecureCerts: false, browserName: chrome, browserVersion: 92.0.4515.107, chrome: {chromedriverVersion: 91.0.4472.101 (af52a90bf870..., userDataDir: C:\Users\Lenovo\AppData\Loc...}, goog:chromeOptions: {debuggerAddress: localhost:53323}, javascriptEnabled: true, networkConnectionEnabled: false, pageLoadStrategy: normal, platform: WINDOWS, platformName: WINDOWS, proxy: Proxy(), setWindowRect: true, strictFileInteractability: false, timeouts: {implicit: 0, pageLoad: 300000, script: 30000}, unhandledPromptBehavior: dismiss and notify, webauthn:extension:largeBlob: true, webauthn:virtualAuthenticators: true}
Session ID: e9706b4b02d922010977eccaeb4734f3
*** Element info: {Using=css selector, value=.page-title}
at org.openqa.selenium.remote.http.W3CHttpResponseCodec.createException(W3CHttpResponseCodec.java:187)
at org.openqa.selenium.remote.http.W3CHttpResponseCodec.decode(W3CHttpResponseCodec.java:122)
at org.openqa.selenium.remote.http.W3CHttpResponseCodec.decode(W3CHttpResponseCodec.java:49)
at org.openqa.selenium.remote.HttpCommandExecutor.execute(HttpCommandExecutor.java:158)
at org.openqa.selenium.remote.service.DriverCommandExecutor.execute(DriverCommandExecutor.java:83)
at org.openqa.selenium.remote.RemoteWebDriver.execute(RemoteWebDriver.java:552)
at org.openqa.selenium.remote.RemoteWebDriver.findElement(RemoteWebDriver.java:323)
at org.openqa.selenium.remote.RemoteWebDriver.findElementByCssSelector(RemoteWebDriver.java:420)
at org.openqa.selenium.By$ByCssSelector.findElement(By.java:431)
at org.openqa.selenium.remote.RemoteWebDriver.findElement(RemoteWebDriver.java:315)
at org.openqa.selenium.support.pagefactory.DefaultElementLocator.findElement(DefaultElementLocator.java:69)
at org.openqa.selenium.support.pagefactory.internal.LocatingElementHandler.invoke(LocatingElementHandler.java:38)
at com.sun.proxy.$Proxy8.isDisplayed(Unknown Source)
at framework.CommonPage.isPageTitleDisplayed(CommonPage.java:40)
at tests.shopping.TestShoppingCart.testMinicartQuotesModalFromHomePage(TestShoppingCart.java:87)
at java.util.ArrayList.forEach(Unknown Source)
... Removed 31 stack frames]]>
    </failure>
  </testcase> <!-- testMinicartQuotesModalFromHomePage -->
  <testcase name="testSecureCheckOutForProducts" time="54.589" classname="tests.shopping.TestShoppingCart"/>
  <testcase name="testAutomationSetUpForCasa39English" time="16.745" classname="tests.shopping.TestUserProfile"/>
  <testcase name="testLoggedInUserMyAccountSection" time="535.449" classname="tests.shopping.TestUserProfile"/>
</testsuite> <!-- Tests -->
